<?xml version="1.0" encoding="UTF-8"?>
<!-- Generated by org.testng.reporters.JUnitReportReporter -->
<testsuite name="firsttestngpackage.FirstTestNGFile" tests="1" time="2.371" ignored="0" failures="0" timestamp="13 Jan 2017 13:06:59 GMT" skipped="0" hostname="ravi" errors="0">
  <testcase name="verifyHomePageTitle" time="2.371" classname="firsttestngpackage.FirstTestNGFile"/>
</testsuite> <!-- firsttestngpackage.FirstTestNGFile -->
