<?xml version="1.0" encoding="UTF-8"?>
<!-- Generated by org.testng.reporters.JUnitReportReporter -->
<testsuite name="com.test.TestA" tests="1" time="2.468" ignored="0" failures="0" timestamp="13 Jan 2017 13:37:36 GMT" skipped="0" hostname="ravi" errors="0">
  <testcase name="testGooglePageTitleInFirefox" time="2.468" classname="com.test.TestA"/>
</testsuite> <!-- com.test.TestA -->
